2019-04-02 10:23:14.179  INFO 19604 --- [main] com.sixeco.order.OrderCenterApplication  : Starting OrderCenterApplication on LAPTOP-VEB2INOF with PID 19604 (D:\workspace\order-center\target\classes started by tranq in D:\workspace\order-center)
2019-04-02 10:23:14.184  INFO 19604 --- [main] com.sixeco.order.OrderCenterApplication  : No active profile set, falling back to default profiles: default
2019-04-02 10:23:14.947  INFO 19604 --- [main] .s.d.r.c.RepositoryConfigurationDelegate : Multiple Spring Data modules found, entering strict repository configuration mode!
2019-04-02 10:23:14.949  INFO 19604 --- [main] .s.d.r.c.RepositoryConfigurationDelegate : Bootstrapping Spring Data repositories in DEFAULT mode.
2019-04-02 10:23:14.976  INFO 19604 --- [main] .s.d.r.c.RepositoryConfigurationDelegate : Finished Spring Data repository scanning in 17ms. Found 0 repository interfaces.
2019-04-02 10:23:15.225  INFO 19604 --- [main] trationDelegate$BeanPostProcessorChecker : Bean 'org.springframework.transaction.annotation.ProxyTransactionManagementConfiguration' of type [org.springframework.transaction.annotation.ProxyTransactionManagementConfiguration$$EnhancerBySpringCGLIB$$4f2aceea] is not eligible for getting processed by all BeanPostProcessors (for example: not eligible for auto-proxying)
2019-04-02 10:23:15.467  INFO 19604 --- [main] o.s.b.w.embedded.tomcat.TomcatWebServer  : Tomcat initialized with port(s): 9000 (http)
2019-04-02 10:23:15.483  INFO 19604 --- [main] o.apache.catalina.core.StandardService   : Starting service [Tomcat]
2019-04-02 10:23:15.483  INFO 19604 --- [main] org.apache.catalina.core.StandardEngine  : Starting Servlet engine: [Apache Tomcat/9.0.16]
2019-04-02 10:23:15.488  INFO 19604 --- [main] o.a.catalina.core.AprLifecycleListener   : The APR based Apache Tomcat Native library which allows optimal performance in production environments was not found on the java.library.path: [C:\Program Files\Java\jdk1.8.0_181\bin;C:\Windows\Sun\Java\bin;C:\Windows\system32;C:\Windows;C:\Program Files (x86)\Common Files\Oracle\Java\javapath;C:\Program Files (x86)\Intel\Intel(R) Management Engine Components\iCLS\;C:\Program Files\Intel\Intel(R) Management Engine Components\iCLS\;C:\Windows\system32;C:\Windows;C:\Windows\System32\Wbem;C:\Windows\System32\WindowsPowerShell\v1.0\;C:\Windows\System32\OpenSSH\;C:\Program Files (x86)\Intel\Intel(R) Management Engine Components\DAL;C:\Program Files\Intel\Intel(R) Management Engine Components\DAL;C:\Program Files (x86)\Intel\Intel(R) Management Engine Components\IPT;C:\Program Files\Intel\Intel(R) Management Engine Components\IPT;C:\Program Files (x86)\NVIDIA Corporation\PhysX\Common;C:\Program Files\Intel\WiFi\bin\;C:\Program Files\Common Files\Intel\WirelessCommon\;D:\Program Files\Git\cmd;C:\Program Files\Java\jdk1.8.0_181\bin;C:\Program Files\Java\jdk1.8.0_181\jre\bin;D:\Program Files\JetBrains\IntelliJ IDEA 2018.2.3\plugins\maven\lib\maven3\bin;C:\Users\tranq\AppData\Local\Microsoft\WindowsApps;C:\Program Files\Bandizip\;.]
2019-04-02 10:23:15.644  INFO 19604 --- [main] o.a.c.c.C.[Tomcat].[localhost].[/]       : Initializing Spring embedded WebApplicationContext
2019-04-02 10:23:15.644  INFO 19604 --- [main] o.s.web.context.ContextLoader            : Root WebApplicationContext: initialization completed in 1408 ms
2019-04-02 10:23:15.850  INFO 19604 --- [main] com.zaxxer.hikari.HikariDataSource       : MyHikariCP - Starting...
2019-04-02 10:23:15.954  INFO 19604 --- [main] com.zaxxer.hikari.HikariDataSource       : MyHikariCP - Start completed.
2019-04-02 10:23:16.431  INFO 19604 --- [main] pertySourcedRequestMappingHandlerMapping : Mapped URL path [/v2/api-docs] onto method [public org.springframework.http.ResponseEntity<springfox.documentation.spring.web.json.Json> springfox.documentation.swagger2.web.Swagger2Controller.getDocumentation(java.lang.String,javax.servlet.http.HttpServletRequest)]
2019-04-02 10:23:16.547  INFO 19604 --- [main] o.s.s.concurrent.ThreadPoolTaskExecutor  : Initializing ExecutorService 'applicationTaskExecutor'
2019-04-02 10:23:16.953  INFO 19604 --- [main] d.s.w.p.DocumentationPluginsBootstrapper : Context refreshed
2019-04-02 10:23:16.961  INFO 19604 --- [main] d.s.w.p.DocumentationPluginsBootstrapper : Found 1 custom documentation plugin(s)
2019-04-02 10:23:16.983  INFO 19604 --- [main] s.d.s.w.s.ApiListingReferenceScanner     : Scanning for api listing references
2019-04-02 10:23:17.120  INFO 19604 --- [main] o.s.b.w.embedded.tomcat.TomcatWebServer  : Tomcat started on port(s): 9000 (http) with context path ''
2019-04-02 10:23:17.122  INFO 19604 --- [main] com.sixeco.order.OrderCenterApplication  : Started OrderCenterApplication in 3.232 seconds (JVM running for 4.145)
2019-04-02 10:24:51.317  INFO 19604 --- [Thread-9] o.s.s.concurrent.ThreadPoolTaskExecutor  : Shutting down ExecutorService 'applicationTaskExecutor'
2019-04-02 10:24:51.319  INFO 19604 --- [Thread-9] com.zaxxer.hikari.HikariDataSource       : MyHikariCP - Shutdown initiated...
2019-04-02 10:24:51.322  INFO 19604 --- [Thread-9] com.zaxxer.hikari.HikariDataSource       : MyHikariCP - Shutdown completed.
